<?xml version="1.0" encoding="UTF-8"?>
<testng-results ignored="0" total="1" passed="1" failed="0" skipped="0">
  <reporter-output>
  </reporter-output>
  <suite started-at="2024-09-01T15:29:06 EDT" name="Default suite" finished-at="2024-09-01T15:29:30 EDT" duration-ms="24142">
    <groups>
      <group name="cucumber">
        <method signature="AbstractTestNGCucumberTests.runScenario(io.cucumber.testng.PickleWrapper,io.cucumber.testng.FeatureWrapper)[pri:0, instance:testRunner.TestRunner@561b6512]" name="runScenario" class="io.cucumber.testng.AbstractTestNGCucumberTests"/>
      </group> <!-- cucumber -->
    </groups>
    <test started-at="2024-09-01T15:29:06 EDT" name="Default test" finished-at="2024-09-01T15:29:30 EDT" duration-ms="24142">
      <class name="testRunner.TestRunner">
        <test-method is-config="true" signature="setUpClass(org.testng.ITestContext)[pri:0, instance:testRunner.TestRunner@561b6512]" started-at="2024-09-01T15:29:06 EDT" name="setUpClass" finished-at="2024-09-01T15:29:07 EDT" duration-ms="1065" status="PASS">
          <params>
            <param index="0">
              <value>
                <![CDATA[org.testng.TestRunner@4ad1a276]]>
              </value>
            </param>
          </params>
          <reporter-output>
          </reporter-output>
        </test-method> <!-- setUpClass -->
        <test-method signature="runScenario(io.cucumber.testng.PickleWrapper,io.cucumber.testng.FeatureWrapper)[pri:0, instance:testRunner.TestRunner@561b6512]" started-at="2024-09-01T15:29:07 EDT" name="runScenario" description="Runs Cucumber Scenarios" data-provider="scenarios" finished-at="2024-09-01T15:29:28 EDT" duration-ms="20799" status="PASS">
          <params>
            <param index="0">
              <value>
                <![CDATA["Successfully update personal details for an employee"]]>
              </value>
            </param>
            <param index="1">
              <value>
                <![CDATA["Automate OrangeHRM Page"]]>
              </value>
            </param>
          </params>
          <reporter-output>
          </reporter-output>
        </test-method> <!-- runScenario -->
        <test-method is-config="true" signature="tearDownClass()[pri:0, instance:testRunner.TestRunner@561b6512]" started-at="2024-09-01T15:29:28 EDT" name="tearDownClass" finished-at="2024-09-01T15:29:30 EDT" duration-ms="2207" status="PASS">
          <reporter-output>
          </reporter-output>
        </test-method> <!-- tearDownClass -->
      </class> <!-- testRunner.TestRunner -->
    </test> <!-- Default test -->
  </suite> <!-- Default suite -->
</testng-results>
